Log file created on Sun Dec 12 13:58:02 CST 2021
IMPORTANT:
Because updating this file after every log message would kill
performance, it will be *incomplete* unless you invoke the
Utilities->Troubleshooting->Update Activity Log on Disk command!
1:58:01 PM [main] [message] Log: When reporting bugs, please include the following information:
1:58:01 PM [main] [message] Log: java.version=11.0.12
1:58:01 PM [main] [message] Log: java.vm.version=11.0.12+8-LTS-237
1:58:01 PM [main] [message] Log: java.vm.name=Java HotSpot(TM) 64-Bit Server VM
1:58:01 PM [main] [message] Log: java.runtime.version=11.0.12+8-LTS-237
1:58:01 PM [main] [message] Log: java.runtime.name=Java(TM) SE Runtime Environment
1:58:01 PM [main] [message] Log: java.vendor=Oracle Corporation
1:58:01 PM [main] [message] Log: java.compiler=null
1:58:01 PM [main] [message] Log: os.name=Windows 10
1:58:01 PM [main] [message] Log: os.version=10.0
1:58:01 PM [main] [message] Log: os.arch=amd64
1:58:01 PM [main] [message] Log: user.home=C:\Users\ivan
1:58:01 PM [main] [message] Log: java.home=C:\Program Files\Java\jdk-11.0.12
1:58:01 PM [main] [message] Log: java.class.path=C:\Users\ivan\git\cs3354-f21-team10\build\jedit.jar
1:58:01 PM [main] [message] jEdit: starting with command line arguments: -settings=C:\Users\ivan\git\cs3354-f21-team10\build/settings
1:58:01 PM [main] [debug] jEdit: before splash screen activation:91 ms
1:58:02 PM [main] [debug] jEdit: after splash screen activation:425 ms
1:58:02 PM [main] [debug] MiscUtilities: Saving backup of file "C:\Users\ivan\git\cs3354-f21-team10\build\settings\activity.log" to "C:\Users\ivan\git\cs3354-f21-team10\build\settings\settings-backup\activity.log~1~"
1:58:02 PM [main] [notice] jEdit: jEdit version 5.6.0
1:58:02 PM [main] [message] jEdit: Settings directory is C:\Users\ivan\git\cs3354-f21-team10\build\settings
1:58:02 PM [main] [message] jEdit: jEdit home directory is C:\Users\ivan\git\cs3354-f21-team10\build
1:58:02 PM [main] [debug] SplashScreen: init:16/302ms
1:58:02 PM [main] [debug] SplashScreen: init system properties:17/319ms
1:58:02 PM [main] [message] BeanShell: Beanshell Init
1:58:02 PM [main] [debug] SplashScreen: init beanshell:21/340ms
1:58:02 PM [main] [debug] SplashScreen: loading site properties:1/341ms
1:58:02 PM [main] [debug] SplashScreen: loading user properties:2/343ms
1:58:02 PM [main] [debug] GUIUtilities: Icon theme set to: tango
1:58:02 PM [main] [debug] GUIUtilities: Loading icon theme from: jeditresource:/org/gjt/sp/jedit/icons/themes/tango/
1:58:02 PM [main] [debug] SplashScreen: init GUI:3/346ms
1:58:02 PM [main] [debug] EditServer: jEdit server started on port 58548
1:58:02 PM [main] [debug] EditServer: Authorization key is 669177576
1:58:02 PM [main] [debug] SplashScreen: init server:6/352ms
1:58:02 PM [main] [debug] jEdit: initPLAF non-edt old=javax.swing.plaf.metal.MetalLookAndFeel requested=null new=javax.swing.plaf.metal.MetalLookAndFeel
1:58:02 PM [main] [debug] SplashScreen: init look and feel:10/362ms
1:58:02 PM [main] [debug] SplashScreen: init VFS Manager:2/364ms
1:58:02 PM [main] [debug] ActionSet: Loading actions from jar:file:/C:/Users/ivan/git/cs3354-f21-team10/build/jedit.jar!/org/gjt/sp/jedit/actions.xml
1:58:02 PM [main] [debug] DockableWindowManager: Loading dockables from jar:file:/C:/Users/ivan/git/cs3354-f21-team10/build/jedit.jar!/org/gjt/sp/jedit/dockables.xml
1:58:02 PM [main] [debug] SplashScreen: init resources:49/413ms
1:58:02 PM [AWT-EventQueue-0] [debug] EditBus: SearchSettingsChanged[source=null]
1:58:02 PM [main] [debug] SplashScreen: Migrate keymaps:17/430ms
1:58:02 PM [main] [notice] jEdit: Loading plugins from C:\Users\ivan\git\cs3354-f21-team10\build\jars
1:58:02 PM [AWT-EventQueue-0] [debug] EditBus: PluginUpdate[what=LOADED,exit=false,version=5.0,source=C:\Users\ivan\git\cs3354-f21-team10\build\jars\QuickNotepad.jar,class=QuickNotepadPlugin]
1:58:02 PM [main] [notice] jEdit: Loading plugins from C:\Users\ivan\git\cs3354-f21-team10\build\settings\jars
1:58:02 PM [main] [debug] SplashScreen: init plugins:13/443ms
1:58:02 PM [main] [message] HistoryModel: Loading history
1:58:02 PM [main] [debug] SplashScreen: init history model:2/445ms
1:58:02 PM [main] [message] BufferHistory: Loading C:\Users\ivan\git\cs3354-f21-team10\build\settings\recent.xml
1:58:02 PM [main] [debug] SplashScreen: init buffer history:4/449ms
1:58:02 PM [main] [message] KillRing: Loading C:\Users\ivan\git\cs3354-f21-team10\build\settings\killring.xml
1:58:02 PM [main] [debug] SplashScreen: init killring:6/455ms
1:58:02 PM [main] [debug] jEdit: initPLAF non-edt old=javax.swing.plaf.metal.MetalLookAndFeel requested=null new=javax.swing.plaf.metal.MetalLookAndFeel
1:58:02 PM [main] [debug] jEdit: SOCKS proxy disabled
1:58:02 PM [main] [debug] jEdit: HTTP proxy disabled
1:58:02 PM [AWT-EventQueue-0] [debug] EditBus: PropertiesChanged[source=null]
1:58:02 PM [main] [debug] SplashScreen: init various properties:48/503ms
1:58:02 PM [main] [message] jEdit: Loading mode catalog file C:\Users\ivan\git\cs3354-f21-team10\build\modes\catalog
1:58:02 PM [main] [debug] jEdit: Loading user mode catalog
1:58:02 PM [main] [message] jEdit: Loading mode catalog file C:\Users\ivan\git\cs3354-f21-team10\build\settings\modes\catalog
1:58:02 PM [main] [debug] SplashScreen: init modes:31/534ms
1:58:02 PM [main] [debug] SplashScreen: activate plugins:3/537ms
1:58:02 PM [main] [debug] Macros: Registered beanshell macro handler
1:58:02 PM [AWT-EventQueue-0] [debug] EditBus: DynamicMenuChanged[menu=macros,source=null]
1:58:02 PM [main] [debug] SplashScreen: init macros:13/550ms
1:58:02 PM [main] [message] BeanShell: Running script C:\Users\ivan\git\cs3354-f21-team10\build\startup\startup.bsh
1:58:02 PM [main] [notice] jEdit$2: Loading edit mode C:\Users\ivan\git\cs3354-f21-team10\build\modes\text.xml
1:58:02 PM [main] [debug] String: BeanShell interpreter version 2.0b4-jedit
1:58:02 PM [main] [debug] SplashScreen: run startup scripts:56/606ms
1:58:02 PM [main] [debug] SplashScreen: run startup scripts:1/607ms
1:58:02 PM [main] [debug] SplashScreen: run startup scripts:1/607ms
1:58:02 PM [main] [debug] jEdit: main done:772 ms
1:58:02 PM [AWT-EventQueue-0] [message] PerspectiveManager: Loading C:\Users\ivan\git\cs3354-f21-team10\build\settings\perspective.xml
1:58:02 PM [AWT-EventQueue-0] [debug] EditBus: BufferUpdate[what=PROPERTIES_CHANGED,view=null,source=Untitled-1 (%USERPROFILE%\git\cs3354-f21-team10\)]
1:58:02 PM [AWT-EventQueue-0] [debug] EditBus: BufferUpdate[what=CREATED,view=null,source=Untitled-1 (%USERPROFILE%\git\cs3354-f21-team10\)]
1:58:02 PM [AWT-EventQueue-0] [debug] EditBus: BufferUpdate[what=LOAD_STARTED,view=null,source=Untitled-1 (%USERPROFILE%\git\cs3354-f21-team10\)]
1:58:02 PM [AWT-EventQueue-0] [debug] EditBus: BufferUpdate[what=LOADED,view=null,source=Untitled-1 (%USERPROFILE%\git\cs3354-f21-team10\)]
1:58:02 PM [AWT-EventQueue-0] [debug] BufferSet: 128742644: addBufferSetListener org.gjt.sp.jedit.EditPane[inactive]
1:58:02 PM [AWT-EventQueue-0] [debug] EditBus: BufferChanging[what=BUFFER_CHANGING,source=org.gjt.sp.jedit.EditPane[inactive]]
1:58:02 PM [AWT-EventQueue-0] [debug] BufferSet: 128742644 addBufferAt(Untitled-1 (%USERPROFILE%\git\cs3354-f21-team10\),-1)
1:58:02 PM [AWT-EventQueue-0] [debug] BufferSet: 128742644: Buffer added Untitled-1 (%USERPROFILE%\git\cs3354-f21-team10\) at 0
1:58:02 PM [AWT-EventQueue-0] [debug] EditBus: EditPaneUpdate[what=CREATED,source=org.gjt.sp.jedit.EditPane[inactive]]
1:58:02 PM [AWT-EventQueue-0] [debug] BufferSet: 128742644 addBufferAt(Untitled-1 (%USERPROFILE%\git\cs3354-f21-team10\),0)
1:58:02 PM [AWT-EventQueue-0] [debug] BufferSet: 128742644 addBufferAt(Untitled-1 (%USERPROFILE%\git\cs3354-f21-team10\),1)
1:58:02 PM [AWT-EventQueue-0] [debug] EditBus: ViewUpdate[what=CREATED,source=org.gjt.sp.jedit.View[active]]
1:58:02 PM [AWT-EventQueue-0] [debug] EditBus: EditorStarted[source=null]
1:58:02 PM [AWT-EventQueue-0] [message] jEdit: Startup complete: 1155 ms
1:58:03 PM [AWT-EventQueue-0] [debug] EditBus: ViewUpdate[what=VIEW_ACTIVATED,source=org.gjt.sp.jedit.View[active]]
1:58:03 PM [AWT-EventQueue-0] [debug] JEditTextArea: InputMethodSupport is activated
1:58:04 PM [AWT-EventQueue-0] [debug] EditBus: PositionChanging[what=POSITION_CHANGING,source=org.gjt.sp.jedit.EditPane[active]]
1:58:11 PM [AWT-EventQueue-0] [debug] EditBus: PositionChanging[what=POSITION_CHANGING,source=org.gjt.sp.jedit.EditPane[active]]
1:58:12 PM [AWT-EventQueue-0] [debug] EditBus: RegisterChanged[register=%,source=null]
1:58:24 PM [AWT-EventQueue-0] [debug] EditBus: PositionChanging[what=POSITION_CHANGING,source=org.gjt.sp.jedit.EditPane[active]]
1:58:25 PM [AWT-EventQueue-0] [debug] EditBus: RegisterChanged[register=%,source=null]
1:58:25 PM [AWT-EventQueue-0] [debug] EditBus: PositionChanging[what=POSITION_CHANGING,source=org.gjt.sp.jedit.EditPane[active]]
1:58:25 PM [AWT-EventQueue-0] [debug] JEditTextArea: Drag and drop callback
1:58:25 PM [AWT-EventQueue-0] [debug] TextAreaTransferHandler: createTransferable()
1:58:25 PM [AWT-EventQueue-0] [debug] TextAreaDropHandler: Drag enter
1:58:25 PM [AWT-EventQueue-0] [debug] TextAreaTransferHandler: Import data
1:58:25 PM [AWT-EventQueue-0] [debug] TextAreaTransferHandler: canImport() returning true
1:58:25 PM [AWT-EventQueue-0] [debug] TextAreaTransferHandler: => String ""
1:58:25 PM [AWT-EventQueue-0] [debug] TextAreaDropHandler: Drop
1:58:25 PM [AWT-EventQueue-0] [debug] TextAreaTransferHandler: Export done
1:58:25 PM [AWT-EventQueue-0] [debug] TextAreaTransferHandler: Export impossible
1:58:26 PM [AWT-EventQueue-0] [debug] EditBus: PositionChanging[what=POSITION_CHANGING,source=org.gjt.sp.jedit.EditPane[active]]
1:58:26 PM [AWT-EventQueue-0] [debug] JEditTextArea: Drag and drop callback
1:58:26 PM [AWT-EventQueue-0] [debug] TextAreaTransferHandler: createTransferable()
1:58:26 PM [AWT-EventQueue-0] [debug] TextAreaDropHandler: Drag enter
1:58:26 PM [AWT-EventQueue-0] [debug] TextAreaTransferHandler: Import data
1:58:26 PM [AWT-EventQueue-0] [debug] TextAreaTransferHandler: canImport() returning true
1:58:26 PM [AWT-EventQueue-0] [debug] TextAreaTransferHandler: => String ""
1:58:26 PM [AWT-EventQueue-0] [debug] TextAreaDropHandler: Drop
1:58:26 PM [AWT-EventQueue-0] [debug] TextAreaTransferHandler: Export done
1:58:26 PM [AWT-EventQueue-0] [debug] TextAreaTransferHandler: Export impossible
1:58:27 PM [AWT-EventQueue-0] [debug] EditBus: PositionChanging[what=POSITION_CHANGING,source=org.gjt.sp.jedit.EditPane[active]]
1:58:27 PM [AWT-EventQueue-0] [debug] EditBus: RegisterChanged[register=%,source=null]
1:58:27 PM [AWT-EventQueue-0] [debug] EditBus: PositionChanging[what=POSITION_CHANGING,source=org.gjt.sp.jedit.EditPane[active]]
1:58:27 PM [AWT-EventQueue-0] [debug] JEditTextArea: Drag and drop callback
1:58:27 PM [AWT-EventQueue-0] [debug] TextAreaTransferHandler: createTransferable()
1:58:27 PM [AWT-EventQueue-0] [debug] TextAreaDropHandler: Drag enter
1:58:28 PM [AWT-EventQueue-0] [debug] TextAreaTransferHandler: Import data
1:58:28 PM [AWT-EventQueue-0] [debug] TextAreaTransferHandler: canImport() returning true
1:58:28 PM [AWT-EventQueue-0] [debug] TextAreaTransferHandler: => String ""
1:58:28 PM [AWT-EventQueue-0] [debug] TextAreaDropHandler: Drop
1:58:28 PM [AWT-EventQueue-0] [debug] TextAreaTransferHandler: Export done
1:58:28 PM [AWT-EventQueue-0] [debug] TextAreaTransferHandler: => String
1:58:28 PM [AWT-EventQueue-0] [debug] EditBus: PositionChanging[what=POSITION_CHANGING,source=org.gjt.sp.jedit.EditPane[active]]
1:58:28 PM [AWT-EventQueue-0] [debug] EditBus: PositionChanging[what=POSITION_CHANGING,source=org.gjt.sp.jedit.EditPane[active]]
1:58:28 PM [AWT-EventQueue-0] [debug] EditBus: PositionChanging[what=POSITION_CHANGING,source=org.gjt.sp.jedit.EditPane[active]]
1:58:29 PM [AWT-EventQueue-0] [debug] EditBus: RegisterChanged[register=%,source=null]
1:58:30 PM [AWT-EventQueue-0] [debug] EditBus: PositionChanging[what=POSITION_CHANGING,source=org.gjt.sp.jedit.EditPane[active]]
1:58:30 PM [AWT-EventQueue-0] [debug] EditBus: PositionChanging[what=POSITION_CHANGING,source=org.gjt.sp.jedit.EditPane[active]]
1:58:31 PM [AWT-EventQueue-0] [debug] EditBus: PositionChanging[what=POSITION_CHANGING,source=org.gjt.sp.jedit.EditPane[active]]
1:58:31 PM [AWT-EventQueue-0] [debug] EditBus: PositionChanging[what=POSITION_CHANGING,source=org.gjt.sp.jedit.EditPane[active]]
1:58:32 PM [AWT-EventQueue-0] [debug] MiscUtilities: Saving backup of file "C:\Users\ivan\git\cs3354-f21-team10\build\settings\perspective.xml" to "C:\Users\ivan\git\cs3354-f21-team10\build\settings\settings-backup\perspective.xml~1~"
1:58:32 PM [jEdit Worker #0] [debug] MiscUtilities: Saving autosave of file "C:\Users\ivan\git\cs3354-f21-team10\Untitled-1" to "C:\Users\ivan\git\cs3354-f21-team10\#Untitled-1#"
1:58:33 PM [AWT-EventQueue-0] [debug] EditBus: PositionChanging[what=POSITION_CHANGING,source=org.gjt.sp.jedit.EditPane[active]]
1:58:35 PM [AWT-EventQueue-0] [debug] EditBus: PositionChanging[what=POSITION_CHANGING,source=org.gjt.sp.jedit.EditPane[active]]
1:58:35 PM [AWT-EventQueue-0] [debug] EditBus: PositionChanging[what=POSITION_CHANGING,source=org.gjt.sp.jedit.EditPane[active]]
1:58:36 PM [AWT-EventQueue-0] [debug] EditBus: PositionChanging[what=POSITION_CHANGING,source=org.gjt.sp.jedit.EditPane[active]]
1:58:37 PM [AWT-EventQueue-0] [debug] EditBus: PositionChanging[what=POSITION_CHANGING,source=org.gjt.sp.jedit.EditPane[active]]
1:58:37 PM [AWT-EventQueue-0] [debug] EditBus: PositionChanging[what=POSITION_CHANGING,source=org.gjt.sp.jedit.EditPane[active]]
1:58:37 PM [AWT-EventQueue-0] [debug] EditBus: PositionChanging[what=POSITION_CHANGING,source=org.gjt.sp.jedit.EditPane[active]]
1:58:38 PM [AWT-EventQueue-0] [debug] EditBus: PositionChanging[what=POSITION_CHANGING,source=org.gjt.sp.jedit.EditPane[active]]
1:58:40 PM [AWT-EventQueue-0] [debug] EditBus: PositionChanging[what=POSITION_CHANGING,source=org.gjt.sp.jedit.EditPane[active]]
1:58:42 PM [AWT-EventQueue-0] [debug] EditBus: PositionChanging[what=POSITION_CHANGING,source=org.gjt.sp.jedit.EditPane[active]]
1:58:42 PM [AWT-EventQueue-0] [debug] EditBus: PositionChanging[what=POSITION_CHANGING,source=org.gjt.sp.jedit.EditPane[active]]
1:58:43 PM [AWT-EventQueue-0] [debug] EditBus: PositionChanging[what=POSITION_CHANGING,source=org.gjt.sp.jedit.EditPane[active]]
1:58:57 PM [AWT-EventQueue-0] [debug] EditBus: PositionChanging[what=POSITION_CHANGING,source=org.gjt.sp.jedit.EditPane[active]]
1:58:58 PM [AWT-EventQueue-0] [debug] EditBus: PositionChanging[what=POSITION_CHANGING,source=org.gjt.sp.jedit.EditPane[active]]
1:59:00 PM [AWT-EventQueue-0] [debug] EditBus: PositionChanging[what=POSITION_CHANGING,source=org.gjt.sp.jedit.EditPane[active]]
1:59:06 PM [AWT-EventQueue-0] [debug] EditBus: PositionChanging[what=POSITION_CHANGING,source=org.gjt.sp.jedit.EditPane[active]]
1:59:07 PM [AWT-EventQueue-0] [debug] EditBus: PositionChanging[what=POSITION_CHANGING,source=org.gjt.sp.jedit.EditPane[active]]
1:59:09 PM [AWT-EventQueue-0] [debug] EditBus: PositionChanging[what=POSITION_CHANGING,source=org.gjt.sp.jedit.EditPane[active]]
1:59:11 PM [AWT-EventQueue-0] [debug] EditBus: PositionChanging[what=POSITION_CHANGING,source=org.gjt.sp.jedit.EditPane[active]]
1:59:30 PM [AWT-EventQueue-0] [debug] EditBus: PositionChanging[what=POSITION_CHANGING,source=org.gjt.sp.jedit.EditPane[active]]
1:59:32 PM [jEdit Worker #1] [debug] MiscUtilities: Saving autosave of file "C:\Users\ivan\git\cs3354-f21-team10\Untitled-1" to "C:\Users\ivan\git\cs3354-f21-team10\#Untitled-1#"
1:59:37 PM [AWT-EventQueue-0] [debug] EditBus: PositionChanging[what=POSITION_CHANGING,source=org.gjt.sp.jedit.EditPane[active]]
1:59:40 PM [AWT-EventQueue-0] [debug] EditBus: PositionChanging[what=POSITION_CHANGING,source=org.gjt.sp.jedit.EditPane[active]]
1:59:41 PM [AWT-EventQueue-0] [debug] EditBus: PositionChanging[what=POSITION_CHANGING,source=org.gjt.sp.jedit.EditPane[active]]
2:00:00 PM [AWT-EventQueue-0] [debug] EditBus: ViewUpdate[what=VIEW_ACTIVATED,source=org.gjt.sp.jedit.View[active]]
2:00:00 PM [AWT-EventQueue-0] [debug] jEdit: checkBufferStatus for all buffers
2:00:00 PM [AWT-EventQueue-0] [debug] EditBus: PositionChanging[what=POSITION_CHANGING,source=org.gjt.sp.jedit.EditPane[active]]
2:00:25 PM [AWT-EventQueue-0] [debug] EditBus: EditorExitRequested[source=org.gjt.sp.jedit.View[active]]
2:00:25 PM [AWT-EventQueue-0] [message] PerspectiveManager: Saving C:\Users\ivan\git\cs3354-f21-team10\build\settings\perspective.xml
2:00:25 PM [AWT-EventQueue-0] [debug] MiscUtilities: Saving backup of file "C:\Users\ivan\git\cs3354-f21-team10\build\settings\perspective.xml" to "C:\Users\ivan\git\cs3354-f21-team10\build\settings\settings-backup\perspective.xml~1~"
2:00:25 PM [AWT-EventQueue-0] [debug] EditBus: EditorExiting[source=null]
2:00:25 PM [AWT-EventQueue-0] [debug] EditBus: ViewUpdate[what=CLOSED,source=org.gjt.sp.jedit.View[active]]
2:00:25 PM [AWT-EventQueue-0] [debug] EditBus: EditPaneUpdate[what=DESTROYED,source=org.gjt.sp.jedit.EditPane[active]]
2:00:25 PM [AWT-EventQueue-0] [debug] BufferSet: 128742644: Buffer removed Untitled-1 (%USERPROFILE%\git\cs3354-f21-team10\)
2:00:25 PM [AWT-EventQueue-0] [debug] BufferSetManager: Buffer:Untitled-1 (%USERPROFILE%\git\cs3354-f21-team10\) is in no bufferSet anymore, closing it
2:00:25 PM [AWT-EventQueue-0] [debug] EditBus: PluginUpdate[what=UNLOADED,exit=true,version=5.0,source=C:\Users\ivan\git\cs3354-f21-team10\build\jars\QuickNotepad.jar,class=QuickNotepadPlugin]
2:00:25 PM [AWT-EventQueue-0] [message] HistoryModel: Saving history
2:00:25 PM [AWT-EventQueue-0] [debug] MiscUtilities: Saving backup of file "C:\Users\ivan\git\cs3354-f21-team10\build\settings\history" to "C:\Users\ivan\git\cs3354-f21-team10\build\settings\settings-backup\history~1~"
2:00:25 PM [AWT-EventQueue-0] [message] BufferHistory: Saving C:\Users\ivan\git\cs3354-f21-team10\build\settings\recent.xml
2:00:25 PM [AWT-EventQueue-0] [debug] MiscUtilities: Saving backup of file "C:\Users\ivan\git\cs3354-f21-team10\build\settings\recent.xml" to "C:\Users\ivan\git\cs3354-f21-team10\build\settings\settings-backup\recent.xml~1~"
2:00:25 PM [AWT-EventQueue-0] [message] KillRing: Saving C:\Users\ivan\git\cs3354-f21-team10\build\settings\killring.xml
2:00:25 PM [AWT-EventQueue-0] [debug] MiscUtilities: Saving backup of file "C:\Users\ivan\git\cs3354-f21-team10\build\settings\killring.xml" to "C:\Users\ivan\git\cs3354-f21-team10\build\settings\settings-backup\killring.xml~1~"
2:00:25 PM [AWT-EventQueue-0] [debug] MiscUtilities: Saving backup of file "C:\Users\ivan\git\cs3354-f21-team10\build\settings\properties" to "C:\Users\ivan\git\cs3354-f21-team10\build\settings\settings-backup\properties~1~"
